<?xml version="1.0" encoding="UTF-8"?>
<!-- Generated by org.testng.reporters.JUnitReportReporter -->
<testsuite hostname="DESKTOP-NHIF91H" failures="0" tests="1" name="rest_assure.com.Put" time="3.215" errors="0" timestamp="2024-08-27T08:06:31 PDT" skipped="0">
  <testcase classname="rest_assure.com.Put" name="putTest" time="3.215"/>
</testsuite> <!-- rest_assure.com.Put -->
