<?xml version="1.0" encoding="UTF-8"?>
<!-- Generated by org.testng.reporters.JUnitReportReporter -->
<testsuite hostname="DESKTOP-SDSLJ94" failures="0" tests="1" name="rest_assure.com.PathQuaryParameters" time="3.384" errors="0" timestamp="2024-08-23T08:57:11 PDT" skipped="0">
  <testcase classname="rest_assure.com.PathQuaryParameters" name="tesQuaryPathParam" time="3.384"/>
</testsuite> <!-- rest_assure.com.PathQuaryParameters -->
