<?xml version="1.0" encoding="UTF-8"?>
<!-- Generated by org.testng.reporters.JUnitReportReporter -->
<testsuite hostname="DESKTOP-NHIF91H" failures="0" tests="1" name="rest_assure.com.Post" time="3.235" errors="0" timestamp="2024-08-27T08:01:15 PDT" skipped="0">
  <testcase classname="rest_assure.com.Post" name="postTest" time="3.235"/>
</testsuite> <!-- rest_assure.com.Post -->
